Started GET "/" for ::1 at 2019-12-05 10:15:18 +0300
  [1m[35m (3.0ms)[0m  [1m[34mSELECT sqlite_version(*)[0m
Processing by Rails::WelcomeController#index as HTML
  Rendering /Users/mee/.rbenv/versions/2.6.3/lib/ruby/gems/2.6.0/gems/railties-6.0.1/lib/rails/templates/rails/welcome/index.html.erb
  Rendered /Users/mee/.rbenv/versions/2.6.3/lib/ruby/gems/2.6.0/gems/railties-6.0.1/lib/rails/templates/rails/welcome/index.html.erb (Duration: 25.3ms | Allocations: 489)
Completed 200 OK in 54ms (Views: 35.2ms | ActiveRecord: 0.0ms | Allocations: 5640)


Started GET "/welcome/index" for ::1 at 2019-12-05 10:16:38 +0300
  [1m[35m (1.1ms)[0m  [1m[34mSELECT sqlite_version(*)[0m
Processing by WelcomeController#index as HTML
  Rendering welcome/index.html.erb within layouts/application
  Rendered welcome/index.html.erb within layouts/application (Duration: 1.3ms | Allocations: 92)
[Webpacker] Compiling...
[Webpacker] Compiled all packs in /Users/mee/Desktop/SEI/homework/w10-d4-hw-rails-intro/blog/public/packs
[Webpacker] Hash: 53154d7baad00c6a1252
Version: webpack 4.41.2
Time: 3181ms
Built at: 12/05/2019 10:16:45 AM
                                     Asset       Size       Chunks                         Chunk Names
    js/application-0b67a3cc2fcde6055024.js    124 KiB  application  [emitted] [immutable]  application
js/application-0b67a3cc2fcde6055024.js.map    139 KiB  application  [emitted] [dev]        application
                             manifest.json  364 bytes               [emitted]              
Entrypoint application = js/application-0b67a3cc2fcde6055024.js js/application-0b67a3cc2fcde6055024.js.map
[./app/javascript/channels sync recursive _channel\.js$] ./app/javascript/channels sync _channel\.js$ 160 bytes {application} [built]
[./app/javascript/channels/index.js] 211 bytes {application} [built]
[./app/javascript/packs/application.js] 749 bytes {application} [built]
[./node_modules/webpack/buildin/module.js] (webpack)/buildin/module.js 552 bytes {application} [built]
    + 3 hidden modules

Completed 200 OK in 6793ms (Views: 6787.9ms | ActiveRecord: 0.0ms | Allocations: 21954)


Started GET "/welcome/index" for ::1 at 2019-12-05 10:17:21 +0300
  [1m[35m (0.1ms)[0m  [1m[34mSELECT sqlite_version(*)[0m
Processing by WelcomeController#index as HTML
  Rendering welcome/index.html.erb within layouts/application
  Rendered welcome/index.html.erb within layouts/application (Duration: 0.1ms | Allocations: 4)
[Webpacker] Everything's up-to-date. Nothing to do
Completed 200 OK in 12ms (Views: 11.2ms | ActiveRecord: 0.0ms | Allocations: 3970)


Started GET "/articles/new" for ::1 at 2019-12-05 10:18:25 +0300
  [1m[35m (0.1ms)[0m  [1m[34mSELECT sqlite_version(*)[0m
Processing by ArticlesController#new as HTML
Completed 406 Not Acceptable in 19ms (ActiveRecord: 0.0ms | Allocations: 1920)


  
ActionController::MissingExactTemplate (ArticlesController#new is missing a template for request formats: text/html):
  
actionpack (6.0.1) lib/action_controller/metal/implicit_render.rb:45:in `default_render'
actionpack (6.0.1) lib/action_controller/metal/basic_implicit_render.rb:6:in `block in send_action'
actionpack (6.0.1) lib/action_controller/metal/basic_implicit_render.rb:6:in `tap'
actionpack (6.0.1) lib/action_controller/metal/basic_implicit_render.rb:6:in `send_action'
actionpack (6.0.1) lib/abstract_controller/base.rb:196:in `process_action'
actionpack (6.0.1) lib/action_controller/metal/rendering.rb:30:in `process_action'
actionpack (6.0.1) lib/abstract_controller/callbacks.rb:42:in `block in process_action'
activesupport (6.0.1) lib/active_support/callbacks.rb:135:in `run_callbacks'
actionpack (6.0.1) lib/abstract_controller/callbacks.rb:41:in `process_action'
actionpack (6.0.1) lib/action_controller/metal/rescue.rb:22:in `process_action'
actionpack (6.0.1) lib/action_controller/metal/instrumentation.rb:33:in `block in process_action'
activesupport (6.0.1) lib/active_support/notifications.rb:180:in `block in instrument'
activesupport (6.0.1) lib/active_support/notifications/instrumenter.rb:24:in `instrument'
activesupport (6.0.1) lib/active_support/notifications.rb:180:in `instrument'
actionpack (6.0.1) lib/action_controller/metal/instrumentation.rb:32:in `process_action'
actionpack (6.0.1) lib/action_controller/metal/params_wrapper.rb:245:in `process_action'
activerecord (6.0.1) lib/active_record/railties/controller_runtime.rb:27:in `process_action'
actionpack (6.0.1) lib/abstract_controller/base.rb:136:in `process'
actionview (6.0.1) lib/action_view/rendering.rb:39:in `process'
actionpack (6.0.1) lib/action_controller/metal.rb:191:in `dispatch'
actionpack (6.0.1) lib/action_controller/metal.rb:252:in `dispatch'
actionpack (6.0.1) lib/action_dispatch/routing/route_set.rb:51:in `dispatch'
actionpack (6.0.1) lib/action_dispatch/routing/route_set.rb:33:in `serve'
actionpack (6.0.1) lib/action_dispatch/journey/router.rb:49:in `block in serve'
actionpack (6.0.1) lib/action_dispatch/journey/router.rb:32:in `each'
actionpack (6.0.1) lib/action_dispatch/journey/router.rb:32:in `serve'
actionpack (6.0.1) lib/action_dispatch/routing/route_set.rb:837:in `call'
rack (2.0.7) lib/rack/tempfile_reaper.rb:15:in `call'
rack (2.0.7) lib/rack/etag.rb:25:in `call'
rack (2.0.7) lib/rack/conditional_get.rb:25:in `call'
rack (2.0.7) lib/rack/head.rb:12:in `call'
actionpack (6.0.1) lib/action_dispatch/http/content_security_policy.rb:18:in `call'
rack (2.0.7) lib/rack/session/abstract/id.rb:232:in `context'
rack (2.0.7) lib/rack/session/abstract/id.rb:226:in `call'
actionpack (6.0.1) lib/action_dispatch/middleware/cookies.rb:648:in `call'
activerecord (6.0.1) lib/active_record/migration.rb:567:in `call'
actionpack (6.0.1) lib/action_dispatch/middleware/callbacks.rb:27:in `block in call'
activesupport (6.0.1) lib/active_support/callbacks.rb:101:in `run_callbacks'
actionpack (6.0.1) lib/action_dispatch/middleware/callbacks.rb:26:in `call'
actionpack (6.0.1) lib/action_dispatch/middleware/executor.rb:14:in `call'
actionpack (6.0.1) lib/action_dispatch/middleware/actionable_exceptions.rb:17:in `call'
actionpack (6.0.1) lib/action_dispatch/middleware/debug_exceptions.rb:32:in `call'
web-console (4.0.1) lib/web_console/middleware.rb:132:in `call_app'
web-console (4.0.1) lib/web_console/middleware.rb:28:in `block in call'
web-console (4.0.1) lib/web_console/middleware.rb:17:in `catch'
web-console (4.0.1) lib/web_console/middleware.rb:17:in `call'
actionpack (6.0.1) lib/action_dispatch/middleware/show_exceptions.rb:33:in `call'
railties (6.0.1) lib/rails/rack/logger.rb:38:in `call_app'
railties (6.0.1) lib/rails/rack/logger.rb:26:in `block in call'
activesupport (6.0.1) lib/active_support/tagged_logging.rb:80:in `block in tagged'
activesupport (6.0.1) lib/active_support/tagged_logging.rb:28:in `tagged'
activesupport (6.0.1) lib/active_support/tagged_logging.rb:80:in `tagged'
railties (6.0.1) lib/rails/rack/logger.rb:26:in `call'
sprockets-rails (3.2.1) lib/sprockets/rails/quiet_assets.rb:13:in `call'
actionpack (6.0.1) lib/action_dispatch/middleware/remote_ip.rb:81:in `call'
actionpack (6.0.1) lib/action_dispatch/middleware/request_id.rb:27:in `call'
rack (2.0.7) lib/rack/method_override.rb:22:in `call'
rack (2.0.7) lib/rack/runtime.rb:22:in `call'
activesupport (6.0.1) lib/active_support/cache/strategy/local_cache_middleware.rb:29:in `call'
actionpack (6.0.1) lib/action_dispatch/middleware/executor.rb:14:in `call'
actionpack (6.0.1) lib/action_dispatch/middleware/static.rb:126:in `call'
rack (2.0.7) lib/rack/sendfile.rb:111:in `call'
actionpack (6.0.1) lib/action_dispatch/middleware/host_authorization.rb:83:in `call'
webpacker (4.2.0) lib/webpacker/dev_server_proxy.rb:23:in `perform_request'
rack-proxy (0.6.5) lib/rack/proxy.rb:57:in `call'
railties (6.0.1) lib/rails/engine.rb:526:in `call'
puma (4.3.0) lib/puma/configuration.rb:228:in `call'
puma (4.3.0) lib/puma/server.rb:667:in `handle_request'
puma (4.3.0) lib/puma/server.rb:470:in `process_client'
puma (4.3.0) lib/puma/server.rb:328:in `block in run'
puma (4.3.0) lib/puma/thread_pool.rb:134:in `block in spawn_thread'
Started GET "/articles/new" for ::1 at 2019-12-05 10:19:29 +0300
Processing by ArticlesController#new as HTML
  Rendering articles/new.html.erb within layouts/application
  Rendered articles/new.html.erb within layouts/application (Duration: 0.7ms | Allocations: 81)
[Webpacker] Everything's up-to-date. Nothing to do
Completed 200 OK in 112ms (Views: 110.0ms | ActiveRecord: 0.0ms | Allocations: 12990)


Started GET "/articles/new" for ::1 at 2019-12-05 10:20:44 +0300
Processing by ArticlesController#new as HTML
  Rendering articles/new.html.erb within layouts/application
  Rendered articles/new.html.erb within layouts/application (Duration: 43.3ms | Allocations: 7621)
[Webpacker] Everything's up-to-date. Nothing to do
Completed 200 OK in 64ms (Views: 62.4ms | ActiveRecord: 0.0ms | Allocations: 12384)


Started GET "/articles/new" for ::1 at 2019-12-05 10:21:40 +0300
  [1m[35m (0.1ms)[0m  [1m[34mSELECT sqlite_version(*)[0m
Processing by ArticlesController#new as HTML
  Rendering articles/new.html.erb within layouts/application
  Rendered articles/new.html.erb within layouts/application (Duration: 0.9ms | Allocations: 512)
[Webpacker] Everything's up-to-date. Nothing to do
Completed 200 OK in 9ms (Views: 8.1ms | ActiveRecord: 0.0ms | Allocations: 4548)


Started POST "/articles" for ::1 at 2019-12-05 10:21:42 +0300
Processing by ArticlesController#create as HTML
  Parameters: {"authenticity_token"=>"hBjadZldj8Qyr2kpmznvlqA1WTeybPvBuKz3USWrW8vxOr5emUGPhxEqTN7s6rhKK5cFGtbCJC3OqcgHvrc4KA==", "article"=>{"title"=>"", "text"=>""}, "commit"=>"Save Article"}
  Rendering text template
  Rendered text template (Duration: 0.0ms | Allocations: 2)
Completed 200 OK in 4ms (Views: 3.4ms | ActiveRecord: 0.0ms | Allocations: 642)


  [1m[35m (1.0ms)[0m  [1m[34mSELECT sqlite_version(*)[0m
  [1m[35m (1.1ms)[0m  [1m[35mCREATE TABLE "schema_migrations" ("version" varchar NOT NULL PRIMARY KEY)[0m
  [1m[35m (1.9ms)[0m  [1m[35mCREATE TABLE "ar_internal_metadata" ("key" varchar NOT NULL PRIMARY KEY, "value" varchar, "created_at" datetime(6) NOT NULL, "updated_at" datetime(6) NOT NULL)[0m
  [1m[35m (0.2ms)[0m  [1m[34mSELECT "schema_migrations"."version" FROM "schema_migrations" ORDER BY "schema_migrations"."version" ASC[0m
Migrating to CreateArticles (20191205072159)
  [1m[35m (0.1ms)[0m  [1m[36mbegin transaction[0m
  [1m[35m (0.7ms)[0m  [1m[35mCREATE TABLE "articles" ("id" integer PRIMARY KEY AUTOINCREMENT NOT NULL, "title" varchar, "text" text, "created_at" datetime(6) NOT NULL, "updated_at" datetime(6) NOT NULL)[0m
  [1m[36mprimary::SchemaMigration Create (0.2ms)[0m  [1m[32mINSERT INTO "schema_migrations" ("version") VALUES (?)[0m  [["version", "20191205072159"]]
  [1m[35m (0.9ms)[0m  [1m[36mcommit transaction[0m
  [1m[36mActiveRecord::InternalMetadata Load (0.3ms)[0m  [1m[34mSELECT "ar_internal_metadata".* FROM "ar_internal_metadata" WHERE "ar_internal_metadata"."key" = ? LIMIT ?[0m  [["key", "environment"], ["LIMIT", 1]]
  [1m[35m (0.7ms)[0m  [1m[36mbegin transaction[0m
  [1m[36mActiveRecord::InternalMetadata Create (1.6ms)[0m  [1m[32mINSERT INTO "ar_internal_metadata" ("key", "value", "created_at", "updated_at") VALUES (?, ?, ?, ?)[0m  [["key", "environment"], ["value", "development"], ["created_at", "2019-12-05 07:22:46.644168"], ["updated_at", "2019-12-05 07:22:46.644168"]]
  [1m[35m (0.9ms)[0m  [1m[36mcommit transaction[0m
  [1m[35m (0.1ms)[0m  [1m[34mSELECT sqlite_version(*)[0m
  [1m[35m (0.2ms)[0m  [1m[34mSELECT "schema_migrations"."version" FROM "schema_migrations" ORDER BY "schema_migrations"."version" ASC[0m
Started GET "/articles/new" for ::1 at 2019-12-05 10:25:28 +0300
  [1m[35m (0.9ms)[0m  [1m[34mSELECT sqlite_version(*)[0m
  [1m[35m (0.3ms)[0m  [1m[34mSELECT "schema_migrations"."version" FROM "schema_migrations" ORDER BY "schema_migrations"."version" ASC[0m
Processing by ArticlesController#new as HTML
  Rendering articles/new.html.erb within layouts/application
  Rendered articles/new.html.erb within layouts/application (Duration: 2.4ms | Allocations: 719)
[Webpacker] Everything's up-to-date. Nothing to do
Completed 200 OK in 18ms (Views: 17.2ms | ActiveRecord: 0.0ms | Allocations: 5538)


Started POST "/articles" for ::1 at 2019-12-05 10:25:41 +0300
Processing by ArticlesController#create as HTML
  Parameters: {"authenticity_token"=>"JOpUFBcnIBm2rH+vQ0lOLZrs5X2rn52lGfqNkbHZeWVRyDA/FzsgWpUpWlg0mhnxEU65UM8xQklv/7LHKsUahg==", "article"=>{"title"=>"dd", "text"=>"dd"}, "commit"=>"Save Article"}
  [1m[35m (0.1ms)[0m  [1m[36mbegin transaction[0m
  ↳ app/controllers/articles_controller.rb:14:in `create'
  [1m[36mArticle Create (0.9ms)[0m  [1m[32mINSERT INTO "articles" ("title", "text", "created_at", "updated_at") VALUES (?, ?, ?, ?)[0m  [["title", "dd"], ["text", "dd"], ["created_at", "2019-12-05 07:25:41.208544"], ["updated_at", "2019-12-05 07:25:41.208544"]]
  ↳ app/controllers/articles_controller.rb:14:in `create'
  [1m[35m (3.5ms)[0m  [1m[36mcommit transaction[0m
  ↳ app/controllers/articles_controller.rb:14:in `create'
Redirected to http://localhost:3000/articles/1
Completed 302 Found in 28ms (ActiveRecord: 6.4ms | Allocations: 6560)


Started GET "/articles/1" for ::1 at 2019-12-05 10:25:41 +0300
Processing by ArticlesController#show as HTML
  Parameters: {"id"=>"1"}
  [1m[36mArticle Load (0.3ms)[0m  [1m[34mSELECT "articles".* FROM "articles" WHERE "articles"."id" = ? LIMIT ?[0m  [["id", 1], ["LIMIT", 1]]
  ↳ app/controllers/articles_controller.rb:5:in `show'
  Rendering articles/show.html.erb within layouts/application
  Rendered articles/show.html.erb within layouts/application (Duration: 0.5ms | Allocations: 136)
[Webpacker] Everything's up-to-date. Nothing to do
Completed 200 OK in 22ms (Views: 9.9ms | ActiveRecord: 0.3ms | Allocations: 5131)


Started POST "/articles" for ::1 at 2019-12-05 10:29:52 +0300
  [1m[35m (0.1ms)[0m  [1m[34mSELECT sqlite_version(*)[0m
  
AbstractController::ActionNotFound (The action 'create' could not be found for ArticlesController):
  
actionpack (6.0.1) lib/abstract_controller/base.rb:131:in `process'
actionview (6.0.1) lib/action_view/rendering.rb:39:in `process'
actionpack (6.0.1) lib/action_controller/metal.rb:191:in `dispatch'
actionpack (6.0.1) lib/action_controller/metal.rb:252:in `dispatch'
actionpack (6.0.1) lib/action_dispatch/routing/route_set.rb:51:in `dispatch'
actionpack (6.0.1) lib/action_dispatch/routing/route_set.rb:33:in `serve'
actionpack (6.0.1) lib/action_dispatch/journey/router.rb:49:in `block in serve'
actionpack (6.0.1) lib/action_dispatch/journey/router.rb:32:in `each'
actionpack (6.0.1) lib/action_dispatch/journey/router.rb:32:in `serve'
actionpack (6.0.1) lib/action_dispatch/routing/route_set.rb:837:in `call'
rack (2.0.7) lib/rack/tempfile_reaper.rb:15:in `call'
rack (2.0.7) lib/rack/etag.rb:25:in `call'
rack (2.0.7) lib/rack/conditional_get.rb:38:in `call'
rack (2.0.7) lib/rack/head.rb:12:in `call'
actionpack (6.0.1) lib/action_dispatch/http/content_security_policy.rb:18:in `call'
rack (2.0.7) lib/rack/session/abstract/id.rb:232:in `context'
rack (2.0.7) lib/rack/session/abstract/id.rb:226:in `call'
actionpack (6.0.1) lib/action_dispatch/middleware/cookies.rb:648:in `call'
activerecord (6.0.1) lib/active_record/migration.rb:567:in `call'
actionpack (6.0.1) lib/action_dispatch/middleware/callbacks.rb:27:in `block in call'
activesupport (6.0.1) lib/active_support/callbacks.rb:101:in `run_callbacks'
actionpack (6.0.1) lib/action_dispatch/middleware/callbacks.rb:26:in `call'
actionpack (6.0.1) lib/action_dispatch/middleware/executor.rb:14:in `call'
actionpack (6.0.1) lib/action_dispatch/middleware/actionable_exceptions.rb:17:in `call'
actionpack (6.0.1) lib/action_dispatch/middleware/debug_exceptions.rb:32:in `call'
web-console (4.0.1) lib/web_console/middleware.rb:132:in `call_app'
web-console (4.0.1) lib/web_console/middleware.rb:28:in `block in call'
web-console (4.0.1) lib/web_console/middleware.rb:17:in `catch'
web-console (4.0.1) lib/web_console/middleware.rb:17:in `call'
actionpack (6.0.1) lib/action_dispatch/middleware/show_exceptions.rb:33:in `call'
railties (6.0.1) lib/rails/rack/logger.rb:38:in `call_app'
railties (6.0.1) lib/rails/rack/logger.rb:26:in `block in call'
activesupport (6.0.1) lib/active_support/tagged_logging.rb:80:in `block in tagged'
activesupport (6.0.1) lib/active_support/tagged_logging.rb:28:in `tagged'
activesupport (6.0.1) lib/active_support/tagged_logging.rb:80:in `tagged'
railties (6.0.1) lib/rails/rack/logger.rb:26:in `call'
sprockets-rails (3.2.1) lib/sprockets/rails/quiet_assets.rb:13:in `call'
actionpack (6.0.1) lib/action_dispatch/middleware/remote_ip.rb:81:in `call'
actionpack (6.0.1) lib/action_dispatch/middleware/request_id.rb:27:in `call'
rack (2.0.7) lib/rack/method_override.rb:22:in `call'
rack (2.0.7) lib/rack/runtime.rb:22:in `call'
activesupport (6.0.1) lib/active_support/cache/strategy/local_cache_middleware.rb:29:in `call'
actionpack (6.0.1) lib/action_dispatch/middleware/executor.rb:14:in `call'
actionpack (6.0.1) lib/action_dispatch/middleware/static.rb:126:in `call'
rack (2.0.7) lib/rack/sendfile.rb:111:in `call'
actionpack (6.0.1) lib/action_dispatch/middleware/host_authorization.rb:83:in `call'
webpacker (4.2.0) lib/webpacker/dev_server_proxy.rb:23:in `perform_request'
rack-proxy (0.6.5) lib/rack/proxy.rb:57:in `call'
railties (6.0.1) lib/rails/engine.rb:526:in `call'
puma (4.3.0) lib/puma/configuration.rb:228:in `call'
puma (4.3.0) lib/puma/server.rb:667:in `handle_request'
puma (4.3.0) lib/puma/server.rb:470:in `process_client'
puma (4.3.0) lib/puma/server.rb:328:in `block in run'
puma (4.3.0) lib/puma/thread_pool.rb:134:in `block in spawn_thread'
Started GET "/articles/new" for ::1 at 2019-12-05 10:29:56 +0300
Processing by ArticlesController#new as HTML
  Rendering articles/new.html.erb within layouts/application
  Rendered articles/new.html.erb within layouts/application (Duration: 10.1ms | Allocations: 758)
[Webpacker] Everything's up-to-date. Nothing to do
Completed 200 OK in 30ms (Views: 28.0ms | ActiveRecord: 0.0ms | Allocations: 5585)


Started POST "/articles" for ::1 at 2019-12-05 10:29:58 +0300
  
AbstractController::ActionNotFound (The action 'create' could not be found for ArticlesController):
  
actionpack (6.0.1) lib/abstract_controller/base.rb:131:in `process'
actionview (6.0.1) lib/action_view/rendering.rb:39:in `process'
actionpack (6.0.1) lib/action_controller/metal.rb:191:in `dispatch'
actionpack (6.0.1) lib/action_controller/metal.rb:252:in `dispatch'
actionpack (6.0.1) lib/action_dispatch/routing/route_set.rb:51:in `dispatch'
actionpack (6.0.1) lib/action_dispatch/routing/route_set.rb:33:in `serve'
actionpack (6.0.1) lib/action_dispatch/journey/router.rb:49:in `block in serve'
actionpack (6.0.1) lib/action_dispatch/journey/router.rb:32:in `each'
actionpack (6.0.1) lib/action_dispatch/journey/router.rb:32:in `serve'
actionpack (6.0.1) lib/action_dispatch/routing/route_set.rb:837:in `call'
rack (2.0.7) lib/rack/tempfile_reaper.rb:15:in `call'
rack (2.0.7) lib/rack/etag.rb:25:in `call'
rack (2.0.7) lib/rack/conditional_get.rb:38:in `call'
rack (2.0.7) lib/rack/head.rb:12:in `call'
actionpack (6.0.1) lib/action_dispatch/http/content_security_policy.rb:18:in `call'
rack (2.0.7) lib/rack/session/abstract/id.rb:232:in `context'
rack (2.0.7) lib/rack/session/abstract/id.rb:226:in `call'
actionpack (6.0.1) lib/action_dispatch/middleware/cookies.rb:648:in `call'
activerecord (6.0.1) lib/active_record/migration.rb:567:in `call'
actionpack (6.0.1) lib/action_dispatch/middleware/callbacks.rb:27:in `block in call'
activesupport (6.0.1) lib/active_support/callbacks.rb:101:in `run_callbacks'
actionpack (6.0.1) lib/action_dispatch/middleware/callbacks.rb:26:in `call'
actionpack (6.0.1) lib/action_dispatch/middleware/executor.rb:14:in `call'
actionpack (6.0.1) lib/action_dispatch/middleware/actionable_exceptions.rb:17:in `call'
actionpack (6.0.1) lib/action_dispatch/middleware/debug_exceptions.rb:32:in `call'
web-console (4.0.1) lib/web_console/middleware.rb:132:in `call_app'
web-console (4.0.1) lib/web_console/middleware.rb:28:in `block in call'
web-console (4.0.1) lib/web_console/middleware.rb:17:in `catch'
web-console (4.0.1) lib/web_console/middleware.rb:17:in `call'
actionpack (6.0.1) lib/action_dispatch/middleware/show_exceptions.rb:33:in `call'
railties (6.0.1) lib/rails/rack/logger.rb:38:in `call_app'
railties (6.0.1) lib/rails/rack/logger.rb:26:in `block in call'
activesupport (6.0.1) lib/active_support/tagged_logging.rb:80:in `block in tagged'
activesupport (6.0.1) lib/active_support/tagged_logging.rb:28:in `tagged'
activesupport (6.0.1) lib/active_support/tagged_logging.rb:80:in `tagged'
railties (6.0.1) lib/rails/rack/logger.rb:26:in `call'
sprockets-rails (3.2.1) lib/sprockets/rails/quiet_assets.rb:13:in `call'
actionpack (6.0.1) lib/action_dispatch/middleware/remote_ip.rb:81:in `call'
actionpack (6.0.1) lib/action_dispatch/middleware/request_id.rb:27:in `call'
rack (2.0.7) lib/rack/method_override.rb:22:in `call'
rack (2.0.7) lib/rack/runtime.rb:22:in `call'
activesupport (6.0.1) lib/active_support/cache/strategy/local_cache_middleware.rb:29:in `call'
actionpack (6.0.1) lib/action_dispatch/middleware/executor.rb:14:in `call'
actionpack (6.0.1) lib/action_dispatch/middleware/static.rb:126:in `call'
rack (2.0.7) lib/rack/sendfile.rb:111:in `call'
actionpack (6.0.1) lib/action_dispatch/middleware/host_authorization.rb:83:in `call'
webpacker (4.2.0) lib/webpacker/dev_server_proxy.rb:23:in `perform_request'
rack-proxy (0.6.5) lib/rack/proxy.rb:57:in `call'
railties (6.0.1) lib/rails/engine.rb:526:in `call'
puma (4.3.0) lib/puma/configuration.rb:228:in `call'
puma (4.3.0) lib/puma/server.rb:667:in `handle_request'
puma (4.3.0) lib/puma/server.rb:470:in `process_client'
puma (4.3.0) lib/puma/server.rb:328:in `block in run'
puma (4.3.0) lib/puma/thread_pool.rb:134:in `block in spawn_thread'
Started GET "/articles" for ::1 at 2019-12-05 10:30:00 +0300
Processing by ArticlesController#index as HTML
  Rendering articles/index.html.erb within layouts/application
  Rendered articles/index.html.erb within layouts/application (Duration: 4.2ms | Allocations: 1517)
Completed 500 Internal Server Error in 6ms (ActiveRecord: 0.0ms | Allocations: 2056)


  
ActionView::Template::Error (undefined method `each' for nil:NilClass):
    13:     <th></th>
    14:   </tr>
    15:  
    16:   <% @articles.each do |article| %>
    17:     <tr>
    18:       <td><%= article.title %></td>
    19:       <td><%= article.text %></td>
  
app/views/articles/index.html.erb:16
Started GET "/articles" for ::1 at 2019-12-05 10:30:33 +0300
Processing by ArticlesController#index as HTML
  Rendering articles/index.html.erb within layouts/application
  Rendered articles/index.html.erb within layouts/application (Duration: 10.3ms | Allocations: 1500)
Completed 500 Internal Server Error in 18ms (ActiveRecord: 0.0ms | Allocations: 2643)


  
ActionView::Template::Error (undefined method `each' for nil:NilClass):
    13:     <th></th>
    14:   </tr>
    15:  
    16:   <% @articles.each do |article| %>
    17:     <tr>
    18:       <td><%= article.title %></td>
    19:       <td><%= article.text %></td>
  
app/views/articles/index.html.erb:16
Started GET "/articles/new" for ::1 at 2019-12-05 10:30:38 +0300
Processing by ArticlesController#new as HTML
  Rendering articles/new.html.erb within layouts/application
  Rendered articles/new.html.erb within layouts/application (Duration: 4.2ms | Allocations: 1661)
Completed 500 Internal Server Error in 9ms (ActiveRecord: 0.0ms | Allocations: 2196)


  
ActionView::Template::Error (undefined method `errors' for nil:NilClass):
    3: 
    4: <%= form_with scope: :article, url: articles_path, local: true do |form| %>
    5:  
    6:   <% if @article.errors.any? %>
    7:     <div id="error_explanation">
    8:       <h2>
    9:         <%= pluralize(@article.errors.count, "error") %> prohibited
  
app/views/articles/new.html.erb:6
app/views/articles/new.html.erb:4
Started GET "/articles/new" for ::1 at 2019-12-05 10:30:53 +0300
Processing by ArticlesController#new as HTML
  Rendering articles/new.html.erb within layouts/application
  Rendered articles/new.html.erb within layouts/application (Duration: 6.3ms | Allocations: 1304)
Completed 500 Internal Server Error in 16ms (ActiveRecord: 0.0ms | Allocations: 1728)


  
ActionView::Template::Error (undefined method `errors' for nil:NilClass):
    3: 
    4: <%= form_with scope: :article, url: articles_path, local: true do |form| %>
    5:  
    6:   <% if @article.errors.any? %>
    7:     <div id="error_explanation">
    8:       <h2>
    9:         <%= pluralize(@article.errors.count, "error") %> prohibited
  
app/views/articles/new.html.erb:6
app/views/articles/new.html.erb:4
Started GET "/articles/new" for ::1 at 2019-12-05 10:31:14 +0300
Processing by ArticlesController#new as HTML
  Rendering articles/new.html.erb within layouts/application
  Rendered articles/new.html.erb within layouts/application (Duration: 8.0ms | Allocations: 1305)
Completed 500 Internal Server Error in 16ms (ActiveRecord: 0.0ms | Allocations: 1728)


  
ActionView::Template::Error (undefined method `errors' for nil:NilClass):
    3: 
    4: <%= form_with scope: :article, url: articles_path, local: true do |form| %>
    5:  
    6:   <% if @article.errors.any? %>
    7:     <div id="error_explanation">
    8:       <h2>
    9:         <%= pluralize(@article.errors.count, "error") %> prohibited
  
app/views/articles/new.html.erb:6
app/views/articles/new.html.erb:4
Started GET "/articles/new" for ::1 at 2019-12-05 10:31:23 +0300
Processing by ArticlesController#new as HTML
  Rendering articles/new.html.erb within layouts/application
  Rendered articles/new.html.erb within layouts/application (Duration: 2.6ms | Allocations: 1304)
Completed 500 Internal Server Error in 4ms (ActiveRecord: 0.0ms | Allocations: 1727)


  
ActionView::Template::Error (undefined method `errors' for nil:NilClass):
    3: 
    4: <%= form_with scope: :article, url: articles_path, local: true do |form| %>
    5:  
    6:   <% if @article.errors.any? %>
    7:     <div id="error_explanation">
    8:       <h2>
    9:         <%= pluralize(@article.errors.count, "error") %> prohibited
  
app/views/articles/new.html.erb:6
app/views/articles/new.html.erb:4
Started GET "/articles/new" for ::1 at 2019-12-05 10:32:23 +0300
Processing by ArticlesController#new as HTML
  Rendering articles/new.html.erb within layouts/application
  Rendered articles/new.html.erb within layouts/application (Duration: 1.6ms | Allocations: 1652)
Completed 500 Internal Server Error in 6ms (ActiveRecord: 0.0ms | Allocations: 2793)


  
ActionView::Template::Error (undefined method `errors' for nil:NilClass):
    3: 
    4: <%= form_with scope: :article, url: articles_path, local: true do |form| %>
    5:  
    6:   <% if @article.errors.any? %>
    7:     <div id="error_explanation">
    8:       <h2>
    9:         <%= pluralize(@article.errors.count, "error") %> prohibited
  
app/views/articles/new.html.erb:6
app/views/articles/new.html.erb:4
Started GET "/articles/new" for ::1 at 2019-12-05 10:32:28 +0300
Processing by ArticlesController#new as HTML
  Rendering articles/new.html.erb within layouts/application
  Rendered articles/new.html.erb within layouts/application (Duration: 2.3ms | Allocations: 752)
[Webpacker] Everything's up-to-date. Nothing to do
Completed 200 OK in 22ms (Views: 20.0ms | ActiveRecord: 0.0ms | Allocations: 5568)


Started POST "/articles" for ::1 at 2019-12-05 10:32:31 +0300
  
AbstractController::ActionNotFound (The action 'create' could not be found for ArticlesController):
  
actionpack (6.0.1) lib/abstract_controller/base.rb:131:in `process'
actionview (6.0.1) lib/action_view/rendering.rb:39:in `process'
actionpack (6.0.1) lib/action_controller/metal.rb:191:in `dispatch'
actionpack (6.0.1) lib/action_controller/metal.rb:252:in `dispatch'
actionpack (6.0.1) lib/action_dispatch/routing/route_set.rb:51:in `dispatch'
actionpack (6.0.1) lib/action_dispatch/routing/route_set.rb:33:in `serve'
actionpack (6.0.1) lib/action_dispatch/journey/router.rb:49:in `block in serve'
actionpack (6.0.1) lib/action_dispatch/journey/router.rb:32:in `each'
actionpack (6.0.1) lib/action_dispatch/journey/router.rb:32:in `serve'
actionpack (6.0.1) lib/action_dispatch/routing/route_set.rb:837:in `call'
rack (2.0.7) lib/rack/tempfile_reaper.rb:15:in `call'
rack (2.0.7) lib/rack/etag.rb:25:in `call'
rack (2.0.7) lib/rack/conditional_get.rb:38:in `call'
rack (2.0.7) lib/rack/head.rb:12:in `call'
actionpack (6.0.1) lib/action_dispatch/http/content_security_policy.rb:18:in `call'
rack (2.0.7) lib/rack/session/abstract/id.rb:232:in `context'
rack (2.0.7) lib/rack/session/abstract/id.rb:226:in `call'
actionpack (6.0.1) lib/action_dispatch/middleware/cookies.rb:648:in `call'
activerecord (6.0.1) lib/active_record/migration.rb:567:in `call'
actionpack (6.0.1) lib/action_dispatch/middleware/callbacks.rb:27:in `block in call'
activesupport (6.0.1) lib/active_support/callbacks.rb:101:in `run_callbacks'
actionpack (6.0.1) lib/action_dispatch/middleware/callbacks.rb:26:in `call'
actionpack (6.0.1) lib/action_dispatch/middleware/executor.rb:14:in `call'
actionpack (6.0.1) lib/action_dispatch/middleware/actionable_exceptions.rb:17:in `call'
actionpack (6.0.1) lib/action_dispatch/middleware/debug_exceptions.rb:32:in `call'
web-console (4.0.1) lib/web_console/middleware.rb:132:in `call_app'
web-console (4.0.1) lib/web_console/middleware.rb:28:in `block in call'
web-console (4.0.1) lib/web_console/middleware.rb:17:in `catch'
web-console (4.0.1) lib/web_console/middleware.rb:17:in `call'
actionpack (6.0.1) lib/action_dispatch/middleware/show_exceptions.rb:33:in `call'
railties (6.0.1) lib/rails/rack/logger.rb:38:in `call_app'
railties (6.0.1) lib/rails/rack/logger.rb:26:in `block in call'
activesupport (6.0.1) lib/active_support/tagged_logging.rb:80:in `block in tagged'
activesupport (6.0.1) lib/active_support/tagged_logging.rb:28:in `tagged'
activesupport (6.0.1) lib/active_support/tagged_logging.rb:80:in `tagged'
railties (6.0.1) lib/rails/rack/logger.rb:26:in `call'
sprockets-rails (3.2.1) lib/sprockets/rails/quiet_assets.rb:13:in `call'
actionpack (6.0.1) lib/action_dispatch/middleware/remote_ip.rb:81:in `call'
actionpack (6.0.1) lib/action_dispatch/middleware/request_id.rb:27:in `call'
rack (2.0.7) lib/rack/method_override.rb:22:in `call'
rack (2.0.7) lib/rack/runtime.rb:22:in `call'
activesupport (6.0.1) lib/active_support/cache/strategy/local_cache_middleware.rb:29:in `call'
actionpack (6.0.1) lib/action_dispatch/middleware/executor.rb:14:in `call'
actionpack (6.0.1) lib/action_dispatch/middleware/static.rb:126:in `call'
rack (2.0.7) lib/rack/sendfile.rb:111:in `call'
actionpack (6.0.1) lib/action_dispatch/middleware/host_authorization.rb:83:in `call'
webpacker (4.2.0) lib/webpacker/dev_server_proxy.rb:23:in `perform_request'
rack-proxy (0.6.5) lib/rack/proxy.rb:57:in `call'
railties (6.0.1) lib/rails/engine.rb:526:in `call'
puma (4.3.0) lib/puma/configuration.rb:228:in `call'
puma (4.3.0) lib/puma/server.rb:667:in `handle_request'
puma (4.3.0) lib/puma/server.rb:470:in `process_client'
puma (4.3.0) lib/puma/server.rb:328:in `block in run'
puma (4.3.0) lib/puma/thread_pool.rb:134:in `block in spawn_thread'
Started POST "/articles" for ::1 at 2019-12-05 10:32:37 +0300
  
AbstractController::ActionNotFound (The action 'create' could not be found for ArticlesController):
  
actionpack (6.0.1) lib/abstract_controller/base.rb:131:in `process'
actionview (6.0.1) lib/action_view/rendering.rb:39:in `process'
actionpack (6.0.1) lib/action_controller/metal.rb:191:in `dispatch'
actionpack (6.0.1) lib/action_controller/metal.rb:252:in `dispatch'
actionpack (6.0.1) lib/action_dispatch/routing/route_set.rb:51:in `dispatch'
actionpack (6.0.1) lib/action_dispatch/routing/route_set.rb:33:in `serve'
actionpack (6.0.1) lib/action_dispatch/journey/router.rb:49:in `block in serve'
actionpack (6.0.1) lib/action_dispatch/journey/router.rb:32:in `each'
actionpack (6.0.1) lib/action_dispatch/journey/router.rb:32:in `serve'
actionpack (6.0.1) lib/action_dispatch/routing/route_set.rb:837:in `call'
rack (2.0.7) lib/rack/tempfile_reaper.rb:15:in `call'
rack (2.0.7) lib/rack/etag.rb:25:in `call'
rack (2.0.7) lib/rack/conditional_get.rb:38:in `call'
rack (2.0.7) lib/rack/head.rb:12:in `call'
actionpack (6.0.1) lib/action_dispatch/http/content_security_policy.rb:18:in `call'
rack (2.0.7) lib/rack/session/abstract/id.rb:232:in `context'
rack (2.0.7) lib/rack/session/abstract/id.rb:226:in `call'
actionpack (6.0.1) lib/action_dispatch/middleware/cookies.rb:648:in `call'
activerecord (6.0.1) lib/active_record/migration.rb:567:in `call'
actionpack (6.0.1) lib/action_dispatch/middleware/callbacks.rb:27:in `block in call'
activesupport (6.0.1) lib/active_support/callbacks.rb:101:in `run_callbacks'
actionpack (6.0.1) lib/action_dispatch/middleware/callbacks.rb:26:in `call'
actionpack (6.0.1) lib/action_dispatch/middleware/executor.rb:14:in `call'
actionpack (6.0.1) lib/action_dispatch/middleware/actionable_exceptions.rb:17:in `call'
actionpack (6.0.1) lib/action_dispatch/middleware/debug_exceptions.rb:32:in `call'
web-console (4.0.1) lib/web_console/middleware.rb:132:in `call_app'
web-console (4.0.1) lib/web_console/middleware.rb:28:in `block in call'
web-console (4.0.1) lib/web_console/middleware.rb:17:in `catch'
web-console (4.0.1) lib/web_console/middleware.rb:17:in `call'
actionpack (6.0.1) lib/action_dispatch/middleware/show_exceptions.rb:33:in `call'
railties (6.0.1) lib/rails/rack/logger.rb:38:in `call_app'
railties (6.0.1) lib/rails/rack/logger.rb:26:in `block in call'
activesupport (6.0.1) lib/active_support/tagged_logging.rb:80:in `block in tagged'
activesupport (6.0.1) lib/active_support/tagged_logging.rb:28:in `tagged'
activesupport (6.0.1) lib/active_support/tagged_logging.rb:80:in `tagged'
railties (6.0.1) lib/rails/rack/logger.rb:26:in `call'
sprockets-rails (3.2.1) lib/sprockets/rails/quiet_assets.rb:13:in `call'
actionpack (6.0.1) lib/action_dispatch/middleware/remote_ip.rb:81:in `call'
actionpack (6.0.1) lib/action_dispatch/middleware/request_id.rb:27:in `call'
rack (2.0.7) lib/rack/method_override.rb:22:in `call'
rack (2.0.7) lib/rack/runtime.rb:22:in `call'
activesupport (6.0.1) lib/active_support/cache/strategy/local_cache_middleware.rb:29:in `call'
actionpack (6.0.1) lib/action_dispatch/middleware/executor.rb:14:in `call'
actionpack (6.0.1) lib/action_dispatch/middleware/static.rb:126:in `call'
rack (2.0.7) lib/rack/sendfile.rb:111:in `call'
actionpack (6.0.1) lib/action_dispatch/middleware/host_authorization.rb:83:in `call'
webpacker (4.2.0) lib/webpacker/dev_server_proxy.rb:23:in `perform_request'
rack-proxy (0.6.5) lib/rack/proxy.rb:57:in `call'
railties (6.0.1) lib/rails/engine.rb:526:in `call'
puma (4.3.0) lib/puma/configuration.rb:228:in `call'
puma (4.3.0) lib/puma/server.rb:667:in `handle_request'
puma (4.3.0) lib/puma/server.rb:470:in `process_client'
puma (4.3.0) lib/puma/server.rb:328:in `block in run'
puma (4.3.0) lib/puma/thread_pool.rb:134:in `block in spawn_thread'
Started GET "/articles/new" for ::1 at 2019-12-05 10:33:23 +0300
  [1m[35m (0.1ms)[0m  [1m[34mSELECT sqlite_version(*)[0m
Processing by ArticlesController#new as HTML
  Rendering articles/new.html.erb within layouts/application
  Rendered articles/new.html.erb within layouts/application (Duration: 1.5ms | Allocations: 1614)
Completed 500 Internal Server Error in 4ms (ActiveRecord: 0.0ms | Allocations: 2758)


  
ActionView::Template::Error (undefined method `errors' for nil:NilClass):
    3: 
    4: <%= form_with scope: :article, url: articles_path, local: true do |form| %>
    5:  
    6:   <% if @article.errors.any? %>
    7:     <div id="error_explanation">
    8:       <h2>
    9:         <%= pluralize(@article.errors.count, "error") %> prohibited
  
app/views/articles/new.html.erb:6
app/views/articles/new.html.erb:4
Started GET "/articles/new" for ::1 at 2019-12-05 10:34:30 +0300
  [1m[35m (0.2ms)[0m  [1m[34mSELECT sqlite_version(*)[0m
Processing by ArticlesController#new as HTML
  Rendering articles/new.html.erb within layouts/application
  Rendered articles/new.html.erb within layouts/application (Duration: 1.9ms | Allocations: 1271)
Completed 500 Internal Server Error in 4ms (ActiveRecord: 0.0ms | Allocations: 1850)


  
ActionView::Template::Error (undefined method `errors' for nil:NilClass):
    3: 
    4: <%= form_with scope: :article, url: articles_path, local: true do |form| %>
    5:  
    6:   <% if @article.errors.any? %>
    7:     <div id="error_explanation">
    8:       <h2>
    9:         <%= pluralize(@article.errors.count, "error") %> prohibited
  
app/views/articles/new.html.erb:6
app/views/articles/new.html.erb:4
Started POST "/__web_console/repl_sessions/64c48fc0e2895d6e88a8f2fc88daba53/trace" for ::1 at 2019-12-05 10:34:35 +0300
Started POST "/__web_console/repl_sessions/64c48fc0e2895d6e88a8f2fc88daba53/trace" for ::1 at 2019-12-05 10:34:40 +0300
Started GET "/articles/new" for ::1 at 2019-12-05 10:35:23 +0300
  [1m[35m (0.1ms)[0m  [1m[34mSELECT sqlite_version(*)[0m
Processing by ArticlesController#new as HTML
  Rendering articles/new.html.erb within layouts/application
  Rendered articles/new.html.erb within layouts/application (Duration: 1.1ms | Allocations: 1270)
Completed 500 Internal Server Error in 2ms (ActiveRecord: 0.0ms | Allocations: 1849)


  
ActionView::Template::Error (undefined method `errors' for nil:NilClass):
    3: 
    4: <%= form_with scope: :article, url: articles_path, local: true do |form| %>
    5:  
    6:   <% if @article.errors.any? %>
    7:     <div id="error_explanation">
    8:       <h2>
    9:         <%= pluralize(@article.errors.count, "error") %> prohibited
  
app/views/articles/new.html.erb:6
app/views/articles/new.html.erb:4
Started GET "/articles/new" for ::1 at 2019-12-05 10:35:38 +0300
Processing by ArticlesController#new as HTML
  Rendering articles/new.html.erb within layouts/application
  Rendered articles/new.html.erb within layouts/application (Duration: 1.7ms | Allocations: 1668)
Completed 500 Internal Server Error in 5ms (ActiveRecord: 0.0ms | Allocations: 2806)


  
ActionView::Template::Error (undefined method `errors' for nil:NilClass):
    3: 
    4: <%= form_with scope: :article, url: articles_path, local: true do |form| %>
    5:  
    6:   <% if @article.errors.any? %>
    7:     <div id="error_explanation">
    8:       <h2>
    9:         <%= pluralize(@article.errors.count, "error") %> prohibited
  
app/views/articles/new.html.erb:6
app/views/articles/new.html.erb:4
Started GET "/articles/new" for ::1 at 2019-12-05 10:39:14 +0300
  [1m[35m (0.1ms)[0m  [1m[34mSELECT sqlite_version(*)[0m
Processing by ArticlesController#new as HTML
  Rendering articles/new.html.erb within layouts/application
  Rendered articles/_form.html.erb (Duration: 2.5ms | Allocations: 1207)
  Rendered articles/new.html.erb within layouts/application (Duration: 5.5ms | Allocations: 2483)
[Webpacker] Everything's up-to-date. Nothing to do
Completed 200 OK in 31ms (Views: 21.6ms | ActiveRecord: 0.8ms | Allocations: 10917)


Started GET "/articles/new" for ::1 at 2019-12-05 10:40:10 +0300
Processing by ArticlesController#new as HTML
  Rendering articles/new.html.erb within layouts/application
  Rendered articles/_form.html.erb (Duration: 1.6ms | Allocations: 1044)
  Rendered articles/new.html.erb within layouts/application (Duration: 4.8ms | Allocations: 2313)
[Webpacker] Everything's up-to-date. Nothing to do
Completed 200 OK in 15ms (Views: 13.4ms | ActiveRecord: 0.0ms | Allocations: 7182)


Started POST "/articles" for ::1 at 2019-12-05 10:40:15 +0300
Processing by ArticlesController#create as HTML
  Parameters: {"authenticity_token"=>"AQlvxkbPRQIXyjybfQgr3jbLpPvXMsnEsFaHE1tuHCd0KwvtRtNFQTRPGWwK23wCvWn41rOcFijGU7hFwHJ/xA==", "article"=>{"title"=>"zzz", "text"=>"zzz"}, "commit"=>"Create Article"}
  [1m[35m (0.1ms)[0m  [1m[36mbegin transaction[0m
  ↳ app/controllers/articles_controller.rb:22:in `create'
  [1m[36mArticle Create (0.5ms)[0m  [1m[32mINSERT INTO "articles" ("title", "text", "created_at", "updated_at") VALUES (?, ?, ?, ?)[0m  [["title", "zzz"], ["text", "zzz"], ["created_at", "2019-12-05 07:40:15.070516"], ["updated_at", "2019-12-05 07:40:15.070516"]]
  ↳ app/controllers/articles_controller.rb:22:in `create'
  [1m[35m (1.1ms)[0m  [1m[36mcommit transaction[0m
  ↳ app/controllers/articles_controller.rb:22:in `create'
Redirected to http://localhost:3000/articles/2
Completed 302 Found in 11ms (ActiveRecord: 1.7ms | Allocations: 2472)


Started GET "/articles/2" for ::1 at 2019-12-05 10:40:15 +0300
Processing by ArticlesController#show as HTML
  Parameters: {"id"=>"2"}
  [1m[36mArticle Load (0.4ms)[0m  [1m[34mSELECT "articles".* FROM "articles" WHERE "articles"."id" = ? LIMIT ?[0m  [["id", 2], ["LIMIT", 1]]
  ↳ app/controllers/articles_controller.rb:8:in `show'
  Rendering articles/show.html.erb within layouts/application
  Rendered articles/show.html.erb within layouts/application (Duration: 0.8ms | Allocations: 242)
[Webpacker] Everything's up-to-date. Nothing to do
Completed 200 OK in 15ms (Views: 9.5ms | ActiveRecord: 0.4ms | Allocations: 4933)


Started GET "/articles/2/edit" for ::1 at 2019-12-05 10:40:16 +0300
Processing by ArticlesController#edit as HTML
  Parameters: {"id"=>"2"}
  [1m[36mArticle Load (0.2ms)[0m  [1m[34mSELECT "articles".* FROM "articles" WHERE "articles"."id" = ? LIMIT ?[0m  [["id", 2], ["LIMIT", 1]]
  ↳ app/controllers/articles_controller.rb:16:in `edit'
  Rendering articles/edit.html.erb within layouts/application
  Rendered articles/_form.html.erb (Duration: 2.6ms | Allocations: 790)
  Rendered articles/edit.html.erb within layouts/application (Duration: 4.0ms | Allocations: 991)
[Webpacker] Everything's up-to-date. Nothing to do
Completed 200 OK in 17ms (Views: 15.4ms | ActiveRecord: 0.2ms | Allocations: 5549)


Started PATCH "/articles/2" for ::1 at 2019-12-05 10:40:19 +0300
Processing by ArticlesController#update as HTML
  Parameters: {"authenticity_token"=>"bswn9+NNVEFWK+JS5y0+OjItN4UvWDNgchLYxqlmujrDk8MQTAIrX4laH+zDw1bHpxlZ240fF/HDE/egjIxDAw==", "article"=>{"title"=>"zzzss", "text"=>"zzzss"}, "commit"=>"Update Article", "id"=>"2"}
  [1m[36mArticle Load (0.3ms)[0m  [1m[34mSELECT "articles".* FROM "articles" WHERE "articles"."id" = ? LIMIT ?[0m  [["id", 2], ["LIMIT", 1]]
  ↳ app/controllers/articles_controller.rb:30:in `update'
  [1m[35m (1.4ms)[0m  [1m[36mbegin transaction[0m
  ↳ app/controllers/articles_controller.rb:32:in `update'
  [1m[36mArticle Update (4.5ms)[0m  [1m[33mUPDATE "articles" SET "title" = ?, "text" = ?, "updated_at" = ? WHERE "articles"."id" = ?[0m  [["title", "zzzss"], ["text", "zzzss"], ["updated_at", "2019-12-05 07:40:19.738290"], ["id", 2]]
  ↳ app/controllers/articles_controller.rb:32:in `update'
  [1m[35m (1.4ms)[0m  [1m[36mcommit transaction[0m
  ↳ app/controllers/articles_controller.rb:32:in `update'
Redirected to http://localhost:3000/articles/2
Completed 302 Found in 16ms (ActiveRecord: 7.6ms | Allocations: 3095)


Started GET "/articles/2" for ::1 at 2019-12-05 10:40:19 +0300
Processing by ArticlesController#show as HTML
  Parameters: {"id"=>"2"}
  [1m[36mArticle Load (0.4ms)[0m  [1m[34mSELECT "articles".* FROM "articles" WHERE "articles"."id" = ? LIMIT ?[0m  [["id", 2], ["LIMIT", 1]]
  ↳ app/controllers/articles_controller.rb:8:in `show'
  Rendering articles/show.html.erb within layouts/application
  Rendered articles/show.html.erb within layouts/application (Duration: 0.4ms | Allocations: 82)
[Webpacker] Everything's up-to-date. Nothing to do
Completed 200 OK in 12ms (Views: 8.7ms | ActiveRecord: 0.4ms | Allocations: 4501)


Started GET "/articles/2/edit" for ::1 at 2019-12-05 10:40:21 +0300
Processing by ArticlesController#edit as HTML
  Parameters: {"id"=>"2"}
  [1m[36mArticle Load (0.2ms)[0m  [1m[34mSELECT "articles".* FROM "articles" WHERE "articles"."id" = ? LIMIT ?[0m  [["id", 2], ["LIMIT", 1]]
  ↳ app/controllers/articles_controller.rb:16:in `edit'
  Rendering articles/edit.html.erb within layouts/application
  Rendered articles/_form.html.erb (Duration: 2.9ms | Allocations: 761)
  Rendered articles/edit.html.erb within layouts/application (Duration: 3.4ms | Allocations: 846)
[Webpacker] Everything's up-to-date. Nothing to do
Completed 200 OK in 17ms (Views: 15.8ms | ActiveRecord: 0.2ms | Allocations: 5262)


Started PATCH "/articles/2" for ::1 at 2019-12-05 10:40:22 +0300
Processing by ArticlesController#update as HTML
  Parameters: {"authenticity_token"=>"jnh45Jl9IJqsZs1XbAsxvnpvr7MWLn1tSSl/41CGUTIjJ5wDNjJfhHMXMOlI5VlD71vB7bRpWfz4KFCFdWyoCw==", "article"=>{"title"=>"zzzss", "text"=>"zzzss"}, "commit"=>"Update Article", "id"=>"2"}
  [1m[36mArticle Load (0.2ms)[0m  [1m[34mSELECT "articles".* FROM "articles" WHERE "articles"."id" = ? LIMIT ?[0m  [["id", 2], ["LIMIT", 1]]
  ↳ app/controllers/articles_controller.rb:30:in `update'
Redirected to http://localhost:3000/articles/2
Completed 302 Found in 3ms (ActiveRecord: 0.2ms | Allocations: 1055)


Started GET "/articles/2" for ::1 at 2019-12-05 10:40:22 +0300
Processing by ArticlesController#show as HTML
  Parameters: {"id"=>"2"}
  [1m[36mArticle Load (0.3ms)[0m  [1m[34mSELECT "articles".* FROM "articles" WHERE "articles"."id" = ? LIMIT ?[0m  [["id", 2], ["LIMIT", 1]]
  ↳ app/controllers/articles_controller.rb:8:in `show'
  Rendering articles/show.html.erb within layouts/application
  Rendered articles/show.html.erb within layouts/application (Duration: 0.3ms | Allocations: 81)
[Webpacker] Everything's up-to-date. Nothing to do
Completed 200 OK in 14ms (Views: 11.6ms | ActiveRecord: 0.3ms | Allocations: 4493)


Started GET "/articles" for ::1 at 2019-12-05 10:40:23 +0300
Processing by ArticlesController#index as HTML
  Rendering articles/index.html.erb within layouts/application
  [1m[36mArticle Load (0.2ms)[0m  [1m[34mSELECT "articles".* FROM "articles"[0m
  ↳ app/views/articles/index.html.erb:15
  Rendered articles/index.html.erb within layouts/application (Duration: 2.8ms | Allocations: 1120)
[Webpacker] Everything's up-to-date. Nothing to do
Completed 200 OK in 17ms (Views: 15.8ms | ActiveRecord: 0.2ms | Allocations: 5182)


Started DELETE "/articles/1" for ::1 at 2019-12-05 10:40:28 +0300
Processing by ArticlesController#destroy as HTML
  Parameters: {"authenticity_token"=>"w6kJnpYtbI13kxVNWbMELQK2E5pZbVYvGIVQlUpInFO2i221ljFszlQWMLouYFPxiRRPtz3DicNugG/D0VT/sA==", "id"=>"1"}
  [1m[36mArticle Load (0.3ms)[0m  [1m[34mSELECT "articles".* FROM "articles" WHERE "articles"."id" = ? LIMIT ?[0m  [["id", 1], ["LIMIT", 1]]
  ↳ app/controllers/articles_controller.rb:40:in `destroy'
  [1m[35m (0.1ms)[0m  [1m[36mbegin transaction[0m
  ↳ app/controllers/articles_controller.rb:41:in `destroy'
  [1m[36mArticle Destroy (0.4ms)[0m  [1m[31mDELETE FROM "articles" WHERE "articles"."id" = ?[0m  [["id", 1]]
  ↳ app/controllers/articles_controller.rb:41:in `destroy'
  [1m[35m (1.9ms)[0m  [1m[36mcommit transaction[0m
  ↳ app/controllers/articles_controller.rb:41:in `destroy'
Redirected to http://localhost:3000/articles
Completed 302 Found in 9ms (ActiveRecord: 2.6ms | Allocations: 2508)


Started GET "/articles" for ::1 at 2019-12-05 10:40:28 +0300
Processing by ArticlesController#index as HTML
  Rendering articles/index.html.erb within layouts/application
  [1m[36mArticle Load (0.3ms)[0m  [1m[34mSELECT "articles".* FROM "articles"[0m
  ↳ app/views/articles/index.html.erb:15
  Rendered articles/index.html.erb within layouts/application (Duration: 17.9ms | Allocations: 718)
[Webpacker] Everything's up-to-date. Nothing to do
Completed 200 OK in 29ms (Views: 27.4ms | ActiveRecord: 0.3ms | Allocations: 4643)


Started DELETE "/articles/2" for ::1 at 2019-12-05 10:40:30 +0300
Processing by ArticlesController#destroy as HTML
  Parameters: {"authenticity_token"=>"V4P4dMcQc3eaUJHSG15nBWpEb64M4AehRqa53c5NdJoioZxfxwxzNLnVtCVsjTDZ4eYzg2hO2E0wo4aLVVEXeQ==", "id"=>"2"}
  [1m[36mArticle Load (0.3ms)[0m  [1m[34mSELECT "articles".* FROM "articles" WHERE "articles"."id" = ? LIMIT ?[0m  [["id", 2], ["LIMIT", 1]]
  ↳ app/controllers/articles_controller.rb:40:in `destroy'
  [1m[35m (0.1ms)[0m  [1m[36mbegin transaction[0m
  ↳ app/controllers/articles_controller.rb:41:in `destroy'
  [1m[36mArticle Destroy (0.4ms)[0m  [1m[31mDELETE FROM "articles" WHERE "articles"."id" = ?[0m  [["id", 2]]
  ↳ app/controllers/articles_controller.rb:41:in `destroy'
  [1m[35m (0.8ms)[0m  [1m[36mcommit transaction[0m
  ↳ app/controllers/articles_controller.rb:41:in `destroy'
Redirected to http://localhost:3000/articles
Completed 302 Found in 7ms (ActiveRecord: 1.6ms | Allocations: 2495)


Started GET "/articles" for ::1 at 2019-12-05 10:40:30 +0300
Processing by ArticlesController#index as HTML
  Rendering articles/index.html.erb within layouts/application
  [1m[36mArticle Load (0.2ms)[0m  [1m[34mSELECT "articles".* FROM "articles"[0m
  ↳ app/views/articles/index.html.erb:15
  Rendered articles/index.html.erb within layouts/application (Duration: 1.8ms | Allocations: 601)
[Webpacker] Everything's up-to-date. Nothing to do
Completed 200 OK in 12ms (Views: 10.9ms | ActiveRecord: 0.2ms | Allocations: 4519)


Started GET "/articles/new" for ::1 at 2019-12-05 10:40:35 +0300
Processing by ArticlesController#new as HTML
  Rendering articles/new.html.erb within layouts/application
  Rendered articles/_form.html.erb (Duration: 2.8ms | Allocations: 723)
  Rendered articles/new.html.erb within layouts/application (Duration: 5.0ms | Allocations: 1471)
[Webpacker] Everything's up-to-date. Nothing to do
Completed 200 OK in 17ms (Views: 15.3ms | ActiveRecord: 0.0ms | Allocations: 5399)


Started POST "/articles" for ::1 at 2019-12-05 10:40:39 +0300
Processing by ArticlesController#create as HTML
  Parameters: {"authenticity_token"=>"UokldtSL/wU8T/wQ2TZ2cX6AVMOMEJO7iTvtlCWQpuv0//dGxStC3s+KFtnvRkROF0XmKyfzYgdD3IufJkEIhA==", "article"=>{"title"=>"ssss", "text"=>""}, "commit"=>"Save Article"}
  [1m[35m (0.1ms)[0m  [1m[36mbegin transaction[0m
  ↳ app/controllers/articles_controller.rb:22:in `create'
  [1m[36mArticle Create (0.8ms)[0m  [1m[32mINSERT INTO "articles" ("title", "text", "created_at", "updated_at") VALUES (?, ?, ?, ?)[0m  [["title", "ssss"], ["text", ""], ["created_at", "2019-12-05 07:40:39.159305"], ["updated_at", "2019-12-05 07:40:39.159305"]]
  ↳ app/controllers/articles_controller.rb:22:in `create'
  [1m[35m (3.0ms)[0m  [1m[36mcommit transaction[0m
  ↳ app/controllers/articles_controller.rb:22:in `create'
Redirected to http://localhost:3000/articles/3
Completed 302 Found in 16ms (ActiveRecord: 3.9ms | Allocations: 2427)


Started GET "/articles/3" for ::1 at 2019-12-05 10:40:39 +0300
Processing by ArticlesController#show as HTML
  Parameters: {"id"=>"3"}
  [1m[36mArticle Load (0.2ms)[0m  [1m[34mSELECT "articles".* FROM "articles" WHERE "articles"."id" = ? LIMIT ?[0m  [["id", 3], ["LIMIT", 1]]
  ↳ app/controllers/articles_controller.rb:8:in `show'
  Rendering articles/show.html.erb within layouts/application
  Rendered articles/show.html.erb within layouts/application (Duration: 0.5ms | Allocations: 81)
[Webpacker] Everything's up-to-date. Nothing to do
Completed 200 OK in 14ms (Views: 11.4ms | ActiveRecord: 0.2ms | Allocations: 4499)


Started GET "/articles" for ::1 at 2019-12-05 10:40:42 +0300
Processing by ArticlesController#index as HTML
  Rendering articles/index.html.erb within layouts/application
  [1m[36mArticle Load (0.2ms)[0m  [1m[34mSELECT "articles".* FROM "articles"[0m
  ↳ app/views/articles/index.html.erb:15
  Rendered articles/index.html.erb within layouts/application (Duration: 2.5ms | Allocations: 718)
[Webpacker] Everything's up-to-date. Nothing to do
Completed 200 OK in 14ms (Views: 13.3ms | ActiveRecord: 0.2ms | Allocations: 4639)


Started DELETE "/articles/3" for ::1 at 2019-12-05 10:40:46 +0300
Processing by ArticlesController#destroy as HTML
  Parameters: {"authenticity_token"=>"NRhtUFEzszXIHd+wxCC5RfQXVDZq7+ZiQPmc6RqmWytAOgl7US+zduuY+kez8+6Zf7UIGw5BOY42/KO/gbo4yA==", "id"=>"3"}
  [1m[36mArticle Load (0.4ms)[0m  [1m[34mSELECT "articles".* FROM "articles" WHERE "articles"."id" = ? LIMIT ?[0m  [["id", 3], ["LIMIT", 1]]
  ↳ app/controllers/articles_controller.rb:40:in `destroy'
  [1m[35m (0.1ms)[0m  [1m[36mbegin transaction[0m
  ↳ app/controllers/articles_controller.rb:41:in `destroy'
  [1m[36mArticle Destroy (0.6ms)[0m  [1m[31mDELETE FROM "articles" WHERE "articles"."id" = ?[0m  [["id", 3]]
  ↳ app/controllers/articles_controller.rb:41:in `destroy'
  [1m[35m (1.6ms)[0m  [1m[36mcommit transaction[0m
  ↳ app/controllers/articles_controller.rb:41:in `destroy'
Redirected to http://localhost:3000/articles
Completed 302 Found in 8ms (ActiveRecord: 2.8ms | Allocations: 2490)


Started GET "/articles" for ::1 at 2019-12-05 10:40:46 +0300
Processing by ArticlesController#index as HTML
  Rendering articles/index.html.erb within layouts/application
  [1m[36mArticle Load (0.2ms)[0m  [1m[34mSELECT "articles".* FROM "articles"[0m
  ↳ app/views/articles/index.html.erb:15
  Rendered articles/index.html.erb within layouts/application (Duration: 1.6ms | Allocations: 601)
[Webpacker] Everything's up-to-date. Nothing to do
Completed 200 OK in 11ms (Views: 7.8ms | ActiveRecord: 0.2ms | Allocations: 4524)


Started GET "/articles/new" for ::1 at 2019-12-05 10:40:47 +0300
Processing by ArticlesController#new as HTML
  Rendering articles/new.html.erb within layouts/application
  Rendered articles/_form.html.erb (Duration: 2.7ms | Allocations: 720)
  Rendered articles/new.html.erb within layouts/application (Duration: 7.0ms | Allocations: 1468)
[Webpacker] Everything's up-to-date. Nothing to do
Completed 200 OK in 18ms (Views: 17.3ms | ActiveRecord: 0.0ms | Allocations: 5398)


Started POST "/articles" for ::1 at 2019-12-05 10:40:49 +0300
Processing by ArticlesController#create as HTML
  Parameters: {"authenticity_token"=>"EiFsuNXuf+/VRDNtSBZ5EDLvV1R1vhkbk64v46Mipie0V76IxE7CNCaB2aR+ZksvWyrlvN5d6KdZSUnooPMISA==", "article"=>{"title"=>"", "text"=>""}, "commit"=>"Create Article"}
  [1m[35m (0.2ms)[0m  [1m[36mbegin transaction[0m
  ↳ app/controllers/articles_controller.rb:22:in `create'
  [1m[36mArticle Create (0.5ms)[0m  [1m[32mINSERT INTO "articles" ("title", "text", "created_at", "updated_at") VALUES (?, ?, ?, ?)[0m  [["title", ""], ["text", ""], ["created_at", "2019-12-05 07:40:49.446607"], ["updated_at", "2019-12-05 07:40:49.446607"]]
  ↳ app/controllers/articles_controller.rb:22:in `create'
  [1m[35m (2.4ms)[0m  [1m[36mcommit transaction[0m
  ↳ app/controllers/articles_controller.rb:22:in `create'
Redirected to http://localhost:3000/articles/4
Completed 302 Found in 9ms (ActiveRecord: 3.0ms | Allocations: 2417)


Started GET "/articles/4" for ::1 at 2019-12-05 10:40:49 +0300
Processing by ArticlesController#show as HTML
  Parameters: {"id"=>"4"}
  [1m[36mArticle Load (0.2ms)[0m  [1m[34mSELECT "articles".* FROM "articles" WHERE "articles"."id" = ? LIMIT ?[0m  [["id", 4], ["LIMIT", 1]]
  ↳ app/controllers/articles_controller.rb:8:in `show'
  Rendering articles/show.html.erb within layouts/application
  Rendered articles/show.html.erb within layouts/application (Duration: 0.3ms | Allocations: 81)
[Webpacker] Everything's up-to-date. Nothing to do
Completed 200 OK in 14ms (Views: 9.9ms | ActiveRecord: 0.2ms | Allocations: 4495)


Started GET "/articles" for ::1 at 2019-12-05 10:40:52 +0300
Processing by ArticlesController#index as HTML
  Rendering articles/index.html.erb within layouts/application
  [1m[36mArticle Load (0.2ms)[0m  [1m[34mSELECT "articles".* FROM "articles"[0m
  ↳ app/views/articles/index.html.erb:15
  Rendered articles/index.html.erb within layouts/application (Duration: 2.5ms | Allocations: 718)
[Webpacker] Everything's up-to-date. Nothing to do
Completed 200 OK in 17ms (Views: 16.0ms | ActiveRecord: 0.2ms | Allocations: 4638)


Started DELETE "/articles/4" for ::1 at 2019-12-05 10:40:55 +0300
Processing by ArticlesController#destroy as HTML
  Parameters: {"authenticity_token"=>"xZ2KgO1gETY1HpV+1XPiLZyVDZ8/gvjbmnX9Kpo/An2wv+6r7XwRdRabsImioLXxFzdRslssJzfscMJ8ASNhng==", "id"=>"4"}
  [1m[36mArticle Load (0.5ms)[0m  [1m[34mSELECT "articles".* FROM "articles" WHERE "articles"."id" = ? LIMIT ?[0m  [["id", 4], ["LIMIT", 1]]
  ↳ app/controllers/articles_controller.rb:40:in `destroy'
  [1m[35m (0.2ms)[0m  [1m[36mbegin transaction[0m
  ↳ app/controllers/articles_controller.rb:41:in `destroy'
  [1m[36mArticle Destroy (0.7ms)[0m  [1m[31mDELETE FROM "articles" WHERE "articles"."id" = ?[0m  [["id", 4]]
  ↳ app/controllers/articles_controller.rb:41:in `destroy'
  [1m[35m (1.0ms)[0m  [1m[36mcommit transaction[0m
  ↳ app/controllers/articles_controller.rb:41:in `destroy'
Redirected to http://localhost:3000/articles
Completed 302 Found in 11ms (ActiveRecord: 2.4ms | Allocations: 2490)


Started GET "/articles" for ::1 at 2019-12-05 10:40:55 +0300
Processing by ArticlesController#index as HTML
  Rendering articles/index.html.erb within layouts/application
  [1m[36mArticle Load (0.2ms)[0m  [1m[34mSELECT "articles".* FROM "articles"[0m
  ↳ app/views/articles/index.html.erb:15
  Rendered articles/index.html.erb within layouts/application (Duration: 2.2ms | Allocations: 601)
[Webpacker] Everything's up-to-date. Nothing to do
Completed 200 OK in 10ms (Views: 8.0ms | ActiveRecord: 0.2ms | Allocations: 4527)


Started GET "/articles/new" for ::1 at 2019-12-05 10:40:58 +0300
Processing by ArticlesController#new as HTML
  Rendering articles/new.html.erb within layouts/application
  Rendered articles/_form.html.erb (Duration: 2.5ms | Allocations: 720)
  Rendered articles/new.html.erb within layouts/application (Duration: 4.7ms | Allocations: 1468)
[Webpacker] Everything's up-to-date. Nothing to do
Completed 200 OK in 34ms (Views: 33.3ms | ActiveRecord: 0.0ms | Allocations: 5402)


Started POST "/articles" for ::1 at 2019-12-05 10:40:59 +0300
Processing by ArticlesController#create as HTML
  Parameters: {"authenticity_token"=>"ZkWOTZjDx9DYGBeJZQkTdNyx1QoAiasBpe9WmP+uZTfAM1x9iWN6Cyvd/UBTeSFLtXRn4qtqWr1vCDCT/H/LWA==", "article"=>{"title"=>"", "text"=>""}, "commit"=>"Save Article"}
  [1m[35m (0.1ms)[0m  [1m[36mbegin transaction[0m
  ↳ app/controllers/articles_controller.rb:22:in `create'
  [1m[36mArticle Create (1.4ms)[0m  [1m[32mINSERT INTO "articles" ("title", "text", "created_at", "updated_at") VALUES (?, ?, ?, ?)[0m  [["title", ""], ["text", ""], ["created_at", "2019-12-05 07:40:59.659329"], ["updated_at", "2019-12-05 07:40:59.659329"]]
  ↳ app/controllers/articles_controller.rb:22:in `create'
  [1m[35m (1.4ms)[0m  [1m[36mcommit transaction[0m
  ↳ app/controllers/articles_controller.rb:22:in `create'
Redirected to http://localhost:3000/articles/5
Completed 302 Found in 10ms (ActiveRecord: 3.0ms | Allocations: 2428)


Started GET "/articles/5" for ::1 at 2019-12-05 10:40:59 +0300
Processing by ArticlesController#show as HTML
  Parameters: {"id"=>"5"}
  [1m[36mArticle Load (0.4ms)[0m  [1m[34mSELECT "articles".* FROM "articles" WHERE "articles"."id" = ? LIMIT ?[0m  [["id", 5], ["LIMIT", 1]]
  ↳ app/controllers/articles_controller.rb:8:in `show'
  Rendering articles/show.html.erb within layouts/application
  Rendered articles/show.html.erb within layouts/application (Duration: 0.2ms | Allocations: 81)
[Webpacker] Everything's up-to-date. Nothing to do
Completed 200 OK in 8ms (Views: 5.9ms | ActiveRecord: 0.4ms | Allocations: 4503)


Started GET "/articles" for ::1 at 2019-12-05 10:41:01 +0300
Processing by ArticlesController#index as HTML
  Rendering articles/index.html.erb within layouts/application
  [1m[36mArticle Load (0.2ms)[0m  [1m[34mSELECT "articles".* FROM "articles"[0m
  ↳ app/views/articles/index.html.erb:15
  Rendered articles/index.html.erb within layouts/application (Duration: 2.3ms | Allocations: 718)
[Webpacker] Everything's up-to-date. Nothing to do
Completed 200 OK in 13ms (Views: 11.9ms | ActiveRecord: 0.2ms | Allocations: 4637)


Started DELETE "/articles/5" for ::1 at 2019-12-05 10:41:05 +0300
Processing by ArticlesController#destroy as HTML
  Parameters: {"authenticity_token"=>"hvvl2775UyMwmEvf/ZiM/EDHMu4MJbpcROlfDkH950vz2YHwvuVTYBMdbiiKS9sgy2Vuw2iLZbAy7GBY2uGEqA==", "id"=>"5"}
  [1m[36mArticle Load (0.2ms)[0m  [1m[34mSELECT "articles".* FROM "articles" WHERE "articles"."id" = ? LIMIT ?[0m  [["id", 5], ["LIMIT", 1]]
  ↳ app/controllers/articles_controller.rb:40:in `destroy'
  [1m[35m (0.1ms)[0m  [1m[36mbegin transaction[0m
  ↳ app/controllers/articles_controller.rb:41:in `destroy'
  [1m[36mArticle Destroy (0.8ms)[0m  [1m[31mDELETE FROM "articles" WHERE "articles"."id" = ?[0m  [["id", 5]]
  ↳ app/controllers/articles_controller.rb:41:in `destroy'
  [1m[35m (1.0ms)[0m  [1m[36mcommit transaction[0m
  ↳ app/controllers/articles_controller.rb:41:in `destroy'
Redirected to http://localhost:3000/articles
Completed 302 Found in 12ms (ActiveRecord: 2.2ms | Allocations: 2491)


Started GET "/articles" for ::1 at 2019-12-05 10:41:05 +0300
Processing by ArticlesController#index as HTML
  Rendering articles/index.html.erb within layouts/application
  [1m[36mArticle Load (0.3ms)[0m  [1m[34mSELECT "articles".* FROM "articles"[0m
  ↳ app/views/articles/index.html.erb:15
  Rendered articles/index.html.erb within layouts/application (Duration: 2.9ms | Allocations: 601)
[Webpacker] Everything's up-to-date. Nothing to do
Completed 200 OK in 11ms (Views: 9.7ms | ActiveRecord: 0.3ms | Allocations: 4525)


Started GET "/articles" for ::1 at 2019-12-05 10:41:26 +0300
Processing by ArticlesController#index as HTML
  Rendering articles/index.html.erb within layouts/application
  [1m[36mArticle Load (0.2ms)[0m  [1m[34mSELECT "articles".* FROM "articles"[0m
  ↳ app/views/articles/index.html.erb:14
  Rendered articles/index.html.erb within layouts/application (Duration: 2.4ms | Allocations: 1310)
[Webpacker] Everything's up-to-date. Nothing to do
Completed 200 OK in 12ms (Views: 10.8ms | ActiveRecord: 0.2ms | Allocations: 6164)


Started GET "/articles" for ::1 at 2019-12-05 10:41:27 +0300
Processing by ArticlesController#index as HTML
  Rendering articles/index.html.erb within layouts/application
  [1m[36mArticle Load (0.3ms)[0m  [1m[34mSELECT "articles".* FROM "articles"[0m
  ↳ app/views/articles/index.html.erb:14
  Rendered articles/index.html.erb within layouts/application (Duration: 2.6ms | Allocations: 682)
[Webpacker] Everything's up-to-date. Nothing to do
Completed 200 OK in 18ms (Views: 16.3ms | ActiveRecord: 0.3ms | Allocations: 4606)


Started GET "/articles/new" for ::1 at 2019-12-05 10:41:29 +0300
Processing by ArticlesController#new as HTML
  Rendering articles/new.html.erb within layouts/application
  Rendered articles/_form.html.erb (Duration: 4.6ms | Allocations: 1044)
  Rendered articles/new.html.erb within layouts/application (Duration: 8.6ms | Allocations: 2314)
[Webpacker] Everything's up-to-date. Nothing to do
Completed 200 OK in 21ms (Views: 19.3ms | ActiveRecord: 0.0ms | Allocations: 6388)


Started POST "/articles" for ::1 at 2019-12-05 10:41:32 +0300
Processing by ArticlesController#create as HTML
  Parameters: {"authenticity_token"=>"Ham6LTPDab0EVaH87KTU3GJ2vjywKzSJSfh0Qc9zFDi732gdImPUZveQSzXa1ObjC7MM1BvIxTWDHxJKzKK6Vw==", "article"=>{"title"=>"w", "text"=>"www"}, "commit"=>"Create Article"}
  [1m[35m (0.1ms)[0m  [1m[36mbegin transaction[0m
  ↳ app/controllers/articles_controller.rb:22:in `create'
  [1m[36mArticle Create (1.1ms)[0m  [1m[32mINSERT INTO "articles" ("title", "text", "created_at", "updated_at") VALUES (?, ?, ?, ?)[0m  [["title", "w"], ["text", "www"], ["created_at", "2019-12-05 07:41:32.850299"], ["updated_at", "2019-12-05 07:41:32.850299"]]
  ↳ app/controllers/articles_controller.rb:22:in `create'
  [1m[35m (1.2ms)[0m  [1m[36mcommit transaction[0m
  ↳ app/controllers/articles_controller.rb:22:in `create'
Redirected to http://localhost:3000/articles/6
Completed 302 Found in 10ms (ActiveRecord: 2.4ms | Allocations: 2420)


Started GET "/articles/6" for ::1 at 2019-12-05 10:41:32 +0300
Processing by ArticlesController#show as HTML
  Parameters: {"id"=>"6"}
  [1m[36mArticle Load (0.5ms)[0m  [1m[34mSELECT "articles".* FROM "articles" WHERE "articles"."id" = ? LIMIT ?[0m  [["id", 6], ["LIMIT", 1]]
  ↳ app/controllers/articles_controller.rb:8:in `show'
  Rendering articles/show.html.erb within layouts/application
  Rendered articles/show.html.erb within layouts/application (Duration: 1.3ms | Allocations: 234)
[Webpacker] Everything's up-to-date. Nothing to do
Completed 200 OK in 21ms (Views: 15.9ms | ActiveRecord: 0.5ms | Allocations: 4799)


Started GET "/articles" for ::1 at 2019-12-05 10:41:35 +0300
Processing by ArticlesController#index as HTML
  Rendering articles/index.html.erb within layouts/application
  [1m[36mArticle Load (1.0ms)[0m  [1m[34mSELECT "articles".* FROM "articles"[0m
  ↳ app/views/articles/index.html.erb:14
  Rendered articles/index.html.erb within layouts/application (Duration: 4.0ms | Allocations: 796)
[Webpacker] Everything's up-to-date. Nothing to do
Completed 200 OK in 15ms (Views: 13.1ms | ActiveRecord: 1.0ms | Allocations: 4720)


Started GET "/articles" for ::1 at 2019-12-05 10:41:36 +0300
Processing by ArticlesController#index as HTML
  Rendering articles/index.html.erb within layouts/application
  [1m[36mArticle Load (0.3ms)[0m  [1m[34mSELECT "articles".* FROM "articles"[0m
  ↳ app/views/articles/index.html.erb:14
  Rendered articles/index.html.erb within layouts/application (Duration: 4.7ms | Allocations: 789)
[Webpacker] Everything's up-to-date. Nothing to do
Completed 200 OK in 18ms (Views: 16.8ms | ActiveRecord: 0.3ms | Allocations: 4709)


Started GET "/articles/new" for ::1 at 2019-12-05 10:41:39 +0300
Processing by ArticlesController#new as HTML
  Rendering articles/new.html.erb within layouts/application
  Rendered articles/_form.html.erb (Duration: 2.5ms | Allocations: 722)
  Rendered articles/new.html.erb within layouts/application (Duration: 4.4ms | Allocations: 1470)
[Webpacker] Everything's up-to-date. Nothing to do
Completed 200 OK in 15ms (Views: 14.5ms | ActiveRecord: 0.0ms | Allocations: 5411)


Started POST "/articles" for ::1 at 2019-12-05 10:41:43 +0300
Processing by ArticlesController#create as HTML
  Parameters: {"authenticity_token"=>"h7wpeRDf+MgqO1iO1eTFaNfXvnw8hd/qeaXSD5E0oIIhyvtJAX9FE9n+skfjlPdXvhIMlJdmLlazQrQEkuUO7Q==", "article"=>{"title"=>"", "text"=>"wwww"}, "commit"=>"Create Article"}
  [1m[35m (0.1ms)[0m  [1m[36mbegin transaction[0m
  ↳ app/controllers/articles_controller.rb:22:in `create'
  [1m[36mArticle Create (1.0ms)[0m  [1m[32mINSERT INTO "articles" ("title", "text", "created_at", "updated_at") VALUES (?, ?, ?, ?)[0m  [["title", ""], ["text", "wwww"], ["created_at", "2019-12-05 07:41:43.259802"], ["updated_at", "2019-12-05 07:41:43.259802"]]
  ↳ app/controllers/articles_controller.rb:22:in `create'
  [1m[35m (2.6ms)[0m  [1m[36mcommit transaction[0m
  ↳ app/controllers/articles_controller.rb:22:in `create'
Redirected to http://localhost:3000/articles/7
Completed 302 Found in 11ms (ActiveRecord: 3.7ms | Allocations: 2421)


Started GET "/articles/7" for ::1 at 2019-12-05 10:41:43 +0300
Processing by ArticlesController#show as HTML
  Parameters: {"id"=>"7"}
  [1m[36mArticle Load (0.2ms)[0m  [1m[34mSELECT "articles".* FROM "articles" WHERE "articles"."id" = ? LIMIT ?[0m  [["id", 7], ["LIMIT", 1]]
  ↳ app/controllers/articles_controller.rb:8:in `show'
  Rendering articles/show.html.erb within layouts/application
  Rendered articles/show.html.erb within layouts/application (Duration: 0.2ms | Allocations: 81)
[Webpacker] Everything's up-to-date. Nothing to do
Completed 200 OK in 10ms (Views: 8.0ms | ActiveRecord: 0.2ms | Allocations: 4503)


Started GET "/articles" for ::1 at 2019-12-05 10:41:44 +0300
Processing by ArticlesController#index as HTML
  Rendering articles/index.html.erb within layouts/application
  [1m[36mArticle Load (0.2ms)[0m  [1m[34mSELECT "articles".* FROM "articles"[0m
  ↳ app/views/articles/index.html.erb:14
  Rendered articles/index.html.erb within layouts/application (Duration: 2.3ms | Allocations: 906)
[Webpacker] Everything's up-to-date. Nothing to do
Completed 200 OK in 15ms (Views: 13.5ms | ActiveRecord: 0.2ms | Allocations: 4826)


Started GET "/articles/new" for ::1 at 2019-12-05 10:41:49 +0300
Processing by ArticlesController#new as HTML
  Rendering articles/new.html.erb within layouts/application
  Rendered articles/_form.html.erb (Duration: 2.3ms | Allocations: 720)
  Rendered articles/new.html.erb within layouts/application (Duration: 4.8ms | Allocations: 1468)
[Webpacker] Everything's up-to-date. Nothing to do
Completed 200 OK in 19ms (Views: 18.3ms | ActiveRecord: 0.0ms | Allocations: 5397)


Started POST "/articles" for ::1 at 2019-12-05 10:41:53 +0300
Processing by ArticlesController#create as HTML
  Parameters: {"authenticity_token"=>"/FYhIXW8DPcCQyXIj6JdF0zwFkilob9AUzK5GMFhOc5aIPMRZByxLPGGzwG50m8oJTWkoA5CTvyZ1d8TwrCXoQ==", "article"=>{"title"=>"wwww", "text"=>"wwwwww"}, "commit"=>"Save Article"}
  [1m[35m (0.1ms)[0m  [1m[36mbegin transaction[0m
  ↳ app/controllers/articles_controller.rb:22:in `create'
  [1m[36mArticle Create (0.8ms)[0m  [1m[32mINSERT INTO "articles" ("title", "text", "created_at", "updated_at") VALUES (?, ?, ?, ?)[0m  [["title", "wwww"], ["text", "wwwwww"], ["created_at", "2019-12-05 07:41:53.814726"], ["updated_at", "2019-12-05 07:41:53.814726"]]
  ↳ app/controllers/articles_controller.rb:22:in `create'
  [1m[35m (4.6ms)[0m  [1m[36mcommit transaction[0m
  ↳ app/controllers/articles_controller.rb:22:in `create'
Redirected to http://localhost:3000/articles/8
Completed 302 Found in 14ms (ActiveRecord: 5.6ms | Allocations: 2421)


Started GET "/articles/8" for ::1 at 2019-12-05 10:41:53 +0300
Processing by ArticlesController#show as HTML
  Parameters: {"id"=>"8"}
  [1m[36mArticle Load (0.3ms)[0m  [1m[34mSELECT "articles".* FROM "articles" WHERE "articles"."id" = ? LIMIT ?[0m  [["id", 8], ["LIMIT", 1]]
  ↳ app/controllers/articles_controller.rb:8:in `show'
  Rendering articles/show.html.erb within layouts/application
  Rendered articles/show.html.erb within layouts/application (Duration: 0.2ms | Allocations: 81)
[Webpacker] Everything's up-to-date. Nothing to do
Completed 200 OK in 16ms (Views: 12.3ms | ActiveRecord: 0.3ms | Allocations: 4494)


Started GET "/articles" for ::1 at 2019-12-05 10:41:56 +0300
Processing by ArticlesController#index as HTML
  Rendering articles/index.html.erb within layouts/application
  [1m[36mArticle Load (0.3ms)[0m  [1m[34mSELECT "articles".* FROM "articles"[0m
  ↳ app/views/articles/index.html.erb:14
  Rendered articles/index.html.erb within layouts/application (Duration: 3.3ms | Allocations: 1024)
[Webpacker] Everything's up-to-date. Nothing to do
Completed 200 OK in 15ms (Views: 14.0ms | ActiveRecord: 0.3ms | Allocations: 4942)


Started GET "/articles" for ::1 at 2019-12-05 10:41:58 +0300
Processing by ArticlesController#index as HTML
  Rendering articles/index.html.erb within layouts/application
  [1m[36mArticle Load (0.2ms)[0m  [1m[34mSELECT "articles".* FROM "articles"[0m
  ↳ app/views/articles/index.html.erb:14
  Rendered articles/index.html.erb within layouts/application (Duration: 2.4ms | Allocations: 1023)
[Webpacker] Everything's up-to-date. Nothing to do
Completed 200 OK in 16ms (Views: 15.0ms | ActiveRecord: 0.2ms | Allocations: 4952)


Started GET "/articles/7" for ::1 at 2019-12-05 10:42:00 +0300
Processing by ArticlesController#show as HTML
  Parameters: {"id"=>"7"}
  [1m[36mArticle Load (0.2ms)[0m  [1m[34mSELECT "articles".* FROM "articles" WHERE "articles"."id" = ? LIMIT ?[0m  [["id", 7], ["LIMIT", 1]]
  ↳ app/controllers/articles_controller.rb:8:in `show'
  Rendering articles/show.html.erb within layouts/application
  Rendered articles/show.html.erb within layouts/application (Duration: 0.4ms | Allocations: 81)
[Webpacker] Everything's up-to-date. Nothing to do
Completed 200 OK in 11ms (Views: 8.9ms | ActiveRecord: 0.2ms | Allocations: 4494)


Started GET "/articles/7" for ::1 at 2019-12-05 10:42:06 +0300
Processing by ArticlesController#show as HTML
  Parameters: {"id"=>"7"}
  [1m[36mArticle Load (0.2ms)[0m  [1m[34mSELECT "articles".* FROM "articles" WHERE "articles"."id" = ? LIMIT ?[0m  [["id", 7], ["LIMIT", 1]]
  ↳ app/controllers/articles_controller.rb:8:in `show'
  Rendering articles/show.html.erb within layouts/application
  Rendered articles/show.html.erb within layouts/application (Duration: 0.6ms | Allocations: 81)
[Webpacker] Everything's up-to-date. Nothing to do
Completed 200 OK in 11ms (Views: 9.8ms | ActiveRecord: 0.2ms | Allocations: 4496)


Started GET "/articles" for ::1 at 2019-12-05 10:51:56 +0300
  [1m[35m (0.1ms)[0m  [1m[34mSELECT sqlite_version(*)[0m
Processing by ArticlesController#index as HTML
  Rendering articles/index.html.erb within layouts/application
  [1m[36mArticle Load (0.5ms)[0m  [1m[34mSELECT "articles".* FROM "articles"[0m
  ↳ app/views/articles/index.html.erb:14
  Rendered articles/index.html.erb within layouts/application (Duration: 3.4ms | Allocations: 1042)
[Webpacker] Everything's up-to-date. Nothing to do
Completed 200 OK in 20ms (Views: 18.1ms | ActiveRecord: 0.5ms | Allocations: 5664)


Started GET "/articles/new" for ::1 at 2019-12-05 10:51:58 +0300
Processing by ArticlesController#new as HTML
  Rendering articles/new.html.erb within layouts/application
  Rendered articles/_form.html.erb (Duration: 1.3ms | Allocations: 720)
  Rendered articles/new.html.erb within layouts/application (Duration: 3.0ms | Allocations: 1468)
[Webpacker] Everything's up-to-date. Nothing to do
Completed 200 OK in 16ms (Views: 15.0ms | ActiveRecord: 0.0ms | Allocations: 5400)


